[2026-02-23T00:00:00Z]

KIND: feature
ID: STORY-DIAGRAM-VIEW-EXPORT-01
PLAN_ID: PLAN-STORY-DIAGRAM-VIEW-EXPORT-01
PHASE: planning
ACTION: Transitioned state.json from story-01/review to story-03/planning
REASON: User requested building story-03 (STORY-DIAGRAM-VIEW-EXPORT-01) with full logs and auditability. Previous story-01 was in review phase at confidence 0.90. New entity lifecycle initiated.
OUTCOME: state.json updated to kind=feature, id=STORY-DIAGRAM-VIEW-EXPORT-01, phase=planning, branch=feature/story-03-export-zoom
NEXT_STATE: planning

------------------------------------------------------------

[2026-02-23T00:01:00Z]

KIND: feature
ID: STORY-DIAGRAM-VIEW-EXPORT-01
PLAN_ID: PLAN-STORY-DIAGRAM-VIEW-EXPORT-01
PHASE: planning
ACTION: Created entity-scoped directory structure
REASON: SDLC policy requires isolated artifact directories per entity. Agent.md specifies: plans/, audits/, logs/, sessions/, evidence/ui/, pull_requests/, feedback/ under each entity root.
OUTCOME: Created .ai-sldc/stories/story-03/{plans,audits,logs,sessions,evidence/ui/{screenshots,videos,exports,traces},pull_requests,feedback}
NEXT_STATE: planning

------------------------------------------------------------

[2026-02-23T00:02:00Z]

KIND: feature
ID: STORY-DIAGRAM-VIEW-EXPORT-01
PLAN_ID: PLAN-STORY-DIAGRAM-VIEW-EXPORT-01
PHASE: planning
ACTION: Read and analysed intent.md and acceptance.md for STORY-DIAGRAM-VIEW-EXPORT-01
REASON: Planning phase requires loading intent and acceptance criteria before producing draft plan.
OUTCOME: Identified two features: (A) Crisp PNG export via SVG→canvas at 2x default scale; (B) In-canvas zoom/pan controls using SVG viewBox manipulation. 14 acceptance checks across sections A, B, C, D.
NEXT_STATE: planning

------------------------------------------------------------

[2026-02-23T00:03:00Z]

KIND: feature
ID: STORY-DIAGRAM-VIEW-EXPORT-01
PLAN_ID: PLAN-STORY-DIAGRAM-VIEW-EXPORT-01
PHASE: planning
ACTION: Analysed existing DiagramViewer.jsx PNG export implementation
REASON: Must understand current state before proposing replacement. Current downloadPng uses html2canvas at window.devicePixelRatio (may be 1x on many displays). html2canvas has poor SVG fidelity (does not properly handle inline symbol+use trees). Export is not deterministic.
OUTCOME: Confirmed root cause of blur: html2canvas rasterizes HTML layout at CSS resolution, not SVG vector resolution. Replacement approach chosen: native SVG→canvas via Blob URL + HTMLImageElement.
NEXT_STATE: planning

------------------------------------------------------------

[2026-02-23T00:04:00Z]

KIND: feature
ID: STORY-DIAGRAM-VIEW-EXPORT-01
PLAN_ID: PLAN-STORY-DIAGRAM-VIEW-EXPORT-01
PHASE: planning
ACTION: Produced PLAN-STORY-DIAGRAM-VIEW-EXPORT-01.draft.md
REASON: Planning phase requires draft plan covering: problem understanding, proposed fix, file-level change scope, task breakdown, acceptance mapping, risks, rollback, and test plan.
OUTCOME: Draft plan written to .ai-sldc/stories/story-03/plans/PLAN-STORY-DIAGRAM-VIEW-EXPORT-01.draft.md. Covers 4 implementation tasks and full acceptance criteria mapping.
NEXT_STATE: awaiting_approval

------------------------------------------------------------

[2026-02-23T00:05:00Z]

KIND: feature
ID: STORY-DIAGRAM-VIEW-EXPORT-01
PLAN_ID: PLAN-STORY-DIAGRAM-VIEW-EXPORT-01
PHASE: planning
ACTION: Transitioned state.json phase to awaiting_approval
REASON: Planning phase is complete. Draft plan exists. Per agent.md policy: after PLAN_CREATED, phase → awaiting_approval and agent exits planning.
OUTCOME: state.json updated to phase=awaiting_approval. Awaiting human approval to lock plan and proceed to execution.
NEXT_STATE: awaiting_approval

------------------------------------------------------------
