[2026-02-23T05:10:00Z]

KIND: feature
ID: STORY-DIAGRAM-VIEW-EXPORT-01
PLAN_ID: PLAN-STORY-DIAGRAM-VIEW-EXPORT-01
PHASE: pr_preparation
ACTION: Pushed feature branch to local origin and GitHub remote
REASON: PR preparation requires pushing branch before PR creation.
OUTCOME: Branch feature/story-03-export-zoom pushed to origin (local) and github (RJD02/visualize).
NEXT_STATE: pr_preparation

------------------------------------------------------------

[2026-02-23T05:11:00Z]

KIND: feature
ID: STORY-DIAGRAM-VIEW-EXPORT-01
PLAN_ID: PLAN-STORY-DIAGRAM-VIEW-EXPORT-01
PHASE: pr_preparation
ACTION: Created PR on GitHub — https://github.com/RJD02/visualize/pull/4
REASON: PR preparation phase requires creating PR via gh with acceptance checklist, test results, confidence score, and deviations summary.
OUTCOME: PR #4 created at https://github.com/RJD02/visualize/pull/4. Base: master. Head: feature/story-03-export-zoom.
NEXT_STATE: pr_review

------------------------------------------------------------
