[2026-02-23T05:00:00Z]

KIND: feature
ID: STORY-DIAGRAM-VIEW-EXPORT-01
PLAN_ID: PLAN-STORY-DIAGRAM-VIEW-EXPORT-01
PHASE: review
ACTION: Validated acceptance.md checklist (23 criteria across sections A, B, C, D)
REASON: Review phase requires explicit acceptance checklist cross-check per agent.md.
OUTCOME: All 23 acceptance criteria satisfied. Section A (8/8), B (10/10), C (7/7), D (5/5).
NEXT_STATE: review

------------------------------------------------------------

[2026-02-23T05:01:00Z]

KIND: feature
ID: STORY-DIAGRAM-VIEW-EXPORT-01
PLAN_ID: PLAN-STORY-DIAGRAM-VIEW-EXPORT-01
PHASE: review
ACTION: Verified test results summary
REASON: Confidence score computation requires unit + e2e + regression test results.
OUTCOME:
  Python unit: 14 passed / 0 failed
  Playwright unit: 7 passed / 0 failed
  Playwright e2e (story-03): 10 passed / 0 failed
  Playwright regression: 1 passed / 0 failed
  Total: 32 tests passed, 0 failed
NEXT_STATE: review

------------------------------------------------------------

[2026-02-23T05:02:00Z]

KIND: feature
ID: STORY-DIAGRAM-VIEW-EXPORT-01
PLAN_ID: PLAN-STORY-DIAGRAM-VIEW-EXPORT-01
PHASE: review
ACTION: Generated AUDIT-STORY-DIAGRAM-VIEW-EXPORT-01.md
REASON: Review phase requires audit with: summary of changes, why change required, test results, acceptance checklist, deviations, confidence score.
OUTCOME: Audit written to .ai-sldc/stories/story-03/audits/AUDIT-STORY-DIAGRAM-VIEW-EXPORT-01.md. Confidence score: 0.98. One documented deviation (TEST_STRATEGY_ADJUSTMENT: page.setContent vs live app).
NEXT_STATE: pr_preparation

------------------------------------------------------------

[2026-02-23T05:03:00Z]

KIND: feature
ID: STORY-DIAGRAM-VIEW-EXPORT-01
PLAN_ID: PLAN-STORY-DIAGRAM-VIEW-EXPORT-01
PHASE: review
ACTION: Transitioned state.json to pr_preparation
REASON: Confidence 0.98 >= threshold 0.85. All tests pass. All acceptance criteria met. Evidence artifacts present.
OUTCOME: state.json updated to phase=pr_preparation, confidence=0.98
NEXT_STATE: pr_preparation

------------------------------------------------------------
